# JRE version: OpenJDK Runtime Environment Temurin-17.0.12+7 (17.0.12+7) (build 17.0.12+7)
# Java VM: OpenJDK 64-Bit Server VM Temurin-17.0.12+7 (17.0.12+7, mixed mode, tiered, compressed oops, compressed class ptrs, parallel gc, windows-amd64)
GC Precious Log:
 CPUs: 16 total, 16 available
 Memory: 16085M
 Large Page Support: Disabled
 NUMA Support: Disabled
 Compressed Oops: Enabled (32-bit)
 Alignments: Space 512K, Generation 512K, Heap 2M
 Heap Min Capacity: 100M
 Heap Initial Capacity: 100M
 Heap Max Capacity: 1G
 Pre-touch: Disabled
 Parallel Workers: 13
Heap:
 PSYoungGen      total 23040K, used 16897K [0x00000000eab00000, 0x00000000ec480000, 0x0000000100000000)
  eden space 22016K, 72% used [0x00000000eab00000,0x00000000ebaa87a8,0x00000000ec080000)
  from space 1024K, 84% used [0x00000000ec300000,0x00000000ec3d8000,0x00000000ec400000)
  to   space 512K, 0% used [0x00000000ec400000,0x00000000ec400000,0x00000000ec480000)
 ParOldGen       total 68608K, used 19762K [0x00000000c0000000, 0x00000000c4300000, 0x00000000eab00000)
  object space 68608K, 28% used [0x00000000c0000000,0x00000000c134ca80,0x00000000c4300000)
 Metaspace       used 45948K, committed 46976K, reserved 1114112K
  class space    used 4815K, committed 5248K, reserved 1048576K
GC Heap History (20 events):
Event: 16.423 GC heap before
{Heap before GC invocations=8 (full 1):
 PSYoungGen      total 28672K, used 28227K [0x00000000eab00000, 0x00000000ecc80000, 0x0000000100000000)
  eden space 25088K, 100% used [0x00000000eab00000,0x00000000ec380000,0x00000000ec380000)
  from space 3584K, 87% used [0x00000000ec900000,0x00000000ecc10ec8,0x00000000ecc80000)
  to   space 4096K, 0% used [0x00000000ec480000,0x00000000ec480000,0x00000000ec880000)
 ParOldGen       total 68608K, used 10761K [0x00000000c0000000, 0x00000000c4300000, 0x00000000eab00000)
  object space 68608K, 15% used [0x00000000c0000000,0x00000000c0a82530,0x00000000c4300000)
 Metaspace       used 27179K, committed 27840K, reserved 1114112K
  class space    used 2784K, committed 3072K, reserved 1048576K
}
Event: 16.425 GC heap after
{Heap after GC invocations=8 (full 1):
 PSYoungGen      total 28672K, used 4092K [0x00000000eab00000, 0x00000000ecd00000, 0x0000000100000000)
  eden space 24576K, 0% used [0x00000000eab00000,0x00000000eab00000,0x00000000ec300000)
  from space 4096K, 99% used [0x00000000ec480000,0x00000000ec87f360,0x00000000ec880000)
  to   space 4608K, 0% used [0x00000000ec880000,0x00000000ec880000,0x00000000ecd00000)
 ParOldGen       total 68608K, used 11361K [0x00000000c0000000, 0x00000000c4300000, 0x00000000eab00000)
  object space 68608K, 16% used [0x00000000c0000000,0x00000000c0b18540,0x00000000c4300000)
 Metaspace       used 27179K, committed 27840K, reserved 1114112K
  class space    used 2784K, committed 3072K, reserved 1048576K
}
Event: 16.673 GC heap before
{Heap before GC invocations=9 (full 1):
 PSYoungGen      total 28672K, used 28668K [0x00000000eab00000, 0x00000000ecd00000, 0x0000000100000000)
  eden space 24576K, 100% used [0x00000000eab00000,0x00000000ec300000,0x00000000ec300000)
  from space 4096K, 99% used [0x00000000ec480000,0x00000000ec87f360,0x00000000ec880000)
  to   space 4608K, 0% used [0x00000000ec880000,0x00000000ec880000,0x00000000ecd00000)
 ParOldGen       total 68608K, used 11361K [0x00000000c0000000, 0x00000000c4300000, 0x00000000eab00000)
  object space 68608K, 16% used [0x00000000c0000000,0x00000000c0b18540,0x00000000c4300000)
 Metaspace       used 29527K, committed 30336K, reserved 1114112K
  class space    used 3016K, committed 3392K, reserved 1048576K
}
Event: 16.676 GC heap after
{Heap after GC invocations=9 (full 1):
 PSYoungGen      total 27136K, used 4599K [0x00000000eab00000, 0x00000000ed180000, 0x0000000100000000)
  eden space 22528K, 0% used [0x00000000eab00000,0x00000000eab00000,0x00000000ec100000)
  from space 4608K, 99% used [0x00000000ec880000,0x00000000eccfdea0,0x00000000ecd00000)
  to   space 7680K, 0% used [0x00000000ec100000,0x00000000ec100000,0x00000000ec880000)
 ParOldGen       total 68608K, used 13810K [0x00000000c0000000, 0x00000000c4300000, 0x00000000eab00000)
  object space 68608K, 20% used [0x00000000c0000000,0x00000000c0d7ca50,0x00000000c4300000)
 Metaspace       used 29527K, committed 30336K, reserved 1114112K
  class space    used 3016K, committed 3392K, reserved 1048576K
}
Event: 16.866 GC heap before
{Heap before GC invocations=10 (full 1):
 PSYoungGen      total 27136K, used 27127K [0x00000000eab00000, 0x00000000ed180000, 0x0000000100000000)
  eden space 22528K, 100% used [0x00000000eab00000,0x00000000ec100000,0x00000000ec100000)
  from space 4608K, 99% used [0x00000000ec880000,0x00000000eccfdea0,0x00000000ecd00000)
  to   space 7680K, 0% used [0x00000000ec100000,0x00000000ec100000,0x00000000ec880000)
 ParOldGen       total 68608K, used 13810K [0x00000000c0000000, 0x00000000c4300000, 0x00000000eab00000)
  object space 68608K, 20% used [0x00000000c0000000,0x00000000c0d7ca50,0x00000000c4300000)
 Metaspace       used 32745K, committed 33536K, reserved 1114112K
  class space    used 3257K, committed 3648K, reserved 1048576K
}
Event: 16.868 GC heap after
{Heap after GC invocations=10 (full 1):
 PSYoungGen      total 26624K, used 4604K [0x00000000eab00000, 0x00000000ecb80000, 0x0000000100000000)
  eden space 22016K, 0% used [0x00000000eab00000,0x00000000eab00000,0x00000000ec080000)
  from space 4608K, 99% used [0x00000000ec100000,0x00000000ec57f1f8,0x00000000ec580000)
  to   space 5632K, 0% used [0x00000000ec600000,0x00000000ec600000,0x00000000ecb80000)
 ParOldGen       total 68608K, used 15306K [0x00000000c0000000, 0x00000000c4300000, 0x00000000eab00000)
  object space 68608K, 22% used [0x00000000c0000000,0x00000000c0ef2a00,0x00000000c4300000)
 Metaspace       used 32745K, committed 33536K, reserved 1114112K
  class space    used 3257K, committed 3648K, reserved 1048576K
}
Event: 17.080 GC heap before
{Heap before GC invocations=11 (full 1):
 PSYoungGen      total 26624K, used 26620K [0x00000000eab00000, 0x00000000ecb80000, 0x0000000100000000)
  eden space 22016K, 100% used [0x00000000eab00000,0x00000000ec080000,0x00000000ec080000)
  from space 4608K, 99% used [0x00000000ec100000,0x00000000ec57f1f8,0x00000000ec580000)
  to   space 5632K, 0% used [0x00000000ec600000,0x00000000ec600000,0x00000000ecb80000)
 ParOldGen       total 68608K, used 15306K [0x00000000c0000000, 0x00000000c4300000, 0x00000000eab00000)
  object space 68608K, 22% used [0x00000000c0000000,0x00000000c0ef2a00,0x00000000c4300000)
 Metaspace       used 33997K, committed 34752K, reserved 1114112K
  class space    used 3336K, committed 3712K, reserved 1048576K
}
Event: 17.083 GC heap after
{Heap after GC invocations=11 (full 1):
 PSYoungGen      total 25088K, used 3025K [0x00000000eab00000, 0x00000000ec900000, 0x0000000100000000)
  eden space 22016K, 0% used [0x00000000eab00000,0x00000000eab00000,0x00000000ec080000)
  from space 3072K, 98% used [0x00000000ec600000,0x00000000ec8f44d8,0x00000000ec900000)
  to   space 4096K, 0% used [0x00000000ec100000,0x00000000ec100000,0x00000000ec500000)
 ParOldGen       total 68608K, used 17905K [0x00000000c0000000, 0x00000000c4300000, 0x00000000eab00000)
  object space 68608K, 26% used [0x00000000c0000000,0x00000000c117c628,0x00000000c4300000)
 Metaspace       used 33997K, committed 34752K, reserved 1114112K
  class space    used 3336K, committed 3712K, reserved 1048576K
}
Event: 17.334 GC heap before
{Heap before GC invocations=12 (full 1):
 PSYoungGen      total 25088K, used 10834K [0x00000000eab00000, 0x00000000ec900000, 0x0000000100000000)
  eden space 22016K, 35% used [0x00000000eab00000,0x00000000eb2a0520,0x00000000ec080000)
  from space 3072K, 98% used [0x00000000ec600000,0x00000000ec8f44d8,0x00000000ec900000)
  to   space 4096K, 0% used [0x00000000ec100000,0x00000000ec100000,0x00000000ec500000)
 ParOldGen       total 68608K, used 17905K [0x00000000c0000000, 0x00000000c4300000, 0x00000000eab00000)
  object space 68608K, 26% used [0x00000000c0000000,0x00000000c117c628,0x00000000c4300000)
 Metaspace       used 35077K, committed 35840K, reserved 1114112K
  class space    used 3435K, committed 3840K, reserved 1048576K
}
Event: 17.336 GC heap after
{Heap after GC invocations=12 (full 1):
 PSYoungGen      total 23040K, used 852K [0x00000000eab00000, 0x00000000ec680000, 0x0000000100000000)
  eden space 22016K, 0% used [0x00000000eab00000,0x00000000eab00000,0x00000000ec080000)
  from space 1024K, 83% used [0x00000000ec100000,0x00000000ec1d50c0,0x00000000ec200000)
  to   space 2048K, 0% used [0x00000000ec480000,0x00000000ec480000,0x00000000ec680000)
 ParOldGen       total 68608K, used 20233K [0x00000000c0000000, 0x00000000c4300000, 0x00000000eab00000)
  object space 68608K, 29% used [0x00000000c0000000,0x00000000c13c26c8,0x00000000c4300000)
 Metaspace       used 35077K, committed 35840K, reserved 1114112K
  class space    used 3435K, committed 3840K, reserved 1048576K
}
Event: 17.336 GC heap before
{Heap before GC invocations=13 (full 2):
 PSYoungGen      total 23040K, used 852K [0x00000000eab00000, 0x00000000ec680000, 0x0000000100000000)
  eden space 22016K, 0% used [0x00000000eab00000,0x00000000eab00000,0x00000000ec080000)
  from space 1024K, 83% used [0x00000000ec100000,0x00000000ec1d50c0,0x00000000ec200000)
  to   space 2048K, 0% used [0x00000000ec480000,0x00000000ec480000,0x00000000ec680000)
 ParOldGen       total 68608K, used 20233K [0x00000000c0000000, 0x00000000c4300000, 0x00000000eab00000)
  object space 68608K, 29% used [0x00000000c0000000,0x00000000c13c26c8,0x00000000c4300000)
 Metaspace       used 35077K, committed 35840K, reserved 1114112K
  class space    used 3435K, committed 3840K, reserved 1048576K
}
Event: 17.372 GC heap after
{Heap after GC invocations=13 (full 2):
 PSYoungGen      total 23040K, used 0K [0x00000000eab00000, 0x00000000ec680000, 0x0000000100000000)
  eden space 22016K, 0% used [0x00000000eab00000,0x00000000eab00000,0x00000000ec080000)
  from space 1024K, 0% used [0x00000000ec100000,0x00000000ec100000,0x00000000ec200000)
  to   space 2048K, 0% used [0x00000000ec480000,0x00000000ec480000,0x00000000ec680000)
 ParOldGen       total 68608K, used 17618K [0x00000000c0000000, 0x00000000c4300000, 0x00000000eab00000)
  object space 68608K, 25% used [0x00000000c0000000,0x00000000c11349b8,0x00000000c4300000)
 Metaspace       used 35063K, committed 35840K, reserved 1114112K
  class space    used 3432K, committed 3840K, reserved 1048576K
}
Event: 17.693 GC heap before
{Heap before GC invocations=14 (full 2):
 PSYoungGen      total 23040K, used 22012K [0x00000000eab00000, 0x00000000ec680000, 0x0000000100000000)
  eden space 22016K, 99% used [0x00000000eab00000,0x00000000ec07f370,0x00000000ec080000)
  from space 1024K, 0% used [0x00000000ec100000,0x00000000ec100000,0x00000000ec200000)
  to   space 2048K, 0% used [0x00000000ec480000,0x00000000ec480000,0x00000000ec680000)
 ParOldGen       total 68608K, used 17618K [0x00000000c0000000, 0x00000000c4300000, 0x00000000eab00000)
  object space 68608K, 25% used [0x00000000c0000000,0x00000000c11349b8,0x00000000c4300000)
 Metaspace       used 38469K, committed 39360K, reserved 1114112K
  class space    used 3818K, committed 4224K, reserved 1048576K
}
Event: 17.694 GC heap after
{Heap after GC invocations=14 (full 2):
 PSYoungGen      total 23552K, used 1392K [0x00000000eab00000, 0x00000000ec600000, 0x0000000100000000)
  eden space 22016K, 0% used [0x00000000eab00000,0x00000000eab00000,0x00000000ec080000)
  from space 1536K, 90% used [0x00000000ec480000,0x00000000ec5dc288,0x00000000ec600000)
  to   space 1536K, 0% used [0x00000000ec300000,0x00000000ec300000,0x00000000ec480000)
 ParOldGen       total 68608K, used 17626K [0x00000000c0000000, 0x00000000c4300000, 0x00000000eab00000)
  object space 68608K, 25% used [0x00000000c0000000,0x00000000c11369b8,0x00000000c4300000)
 Metaspace       used 38469K, committed 39360K, reserved 1114112K
  class space    used 3818K, committed 4224K, reserved 1048576K
}
Event: 17.841 GC heap before
{Heap before GC invocations=15 (full 2):
 PSYoungGen      total 23552K, used 23408K [0x00000000eab00000, 0x00000000ec600000, 0x0000000100000000)
  eden space 22016K, 100% used [0x00000000eab00000,0x00000000ec080000,0x00000000ec080000)
  from space 1536K, 90% used [0x00000000ec480000,0x00000000ec5dc288,0x00000000ec600000)
  to   space 1536K, 0% used [0x00000000ec300000,0x00000000ec300000,0x00000000ec480000)
 ParOldGen       total 68608K, used 17626K [0x00000000c0000000, 0x00000000c4300000, 0x00000000eab00000)
  object space 68608K, 25% used [0x00000000c0000000,0x00000000c11369b8,0x00000000c4300000)
 Metaspace       used 40281K, committed 41152K, reserved 1114112K
  class space    used 4086K, committed 4480K, reserved 1048576K
}
Event: 17.843 GC heap after
{Heap after GC invocations=15 (full 2):
 PSYoungGen      total 22528K, used 512K [0x00000000eab00000, 0x00000000ec500000, 0x0000000100000000)
  eden space 22016K, 0% used [0x00000000eab00000,0x00000000eab00000,0x00000000ec080000)
  from space 512K, 100% used [0x00000000ec300000,0x00000000ec380000,0x00000000ec380000)
  to   space 1024K, 0% used [0x00000000ec400000,0x00000000ec400000,0x00000000ec500000)
 ParOldGen       total 68608K, used 18952K [0x00000000c0000000, 0x00000000c4300000, 0x00000000eab00000)
  object space 68608K, 27% used [0x00000000c0000000,0x00000000c12821d8,0x00000000c4300000)
 Metaspace       used 40281K, committed 41152K, reserved 1114112K
  class space    used 4086K, committed 4480K, reserved 1048576K
}
Event: 18.117 GC heap before
{Heap before GC invocations=16 (full 2):
 PSYoungGen      total 22528K, used 22528K [0x00000000eab00000, 0x00000000ec500000, 0x0000000100000000)
  eden space 22016K, 100% used [0x00000000eab00000,0x00000000ec080000,0x00000000ec080000)
  from space 512K, 100% used [0x00000000ec300000,0x00000000ec380000,0x00000000ec380000)
  to   space 1024K, 0% used [0x00000000ec400000,0x00000000ec400000,0x00000000ec500000)
 ParOldGen       total 68608K, used 18952K [0x00000000c0000000, 0x00000000c4300000, 0x00000000eab00000)
  object space 68608K, 27% used [0x00000000c0000000,0x00000000c12821d8,0x00000000c4300000)
 Metaspace       used 41717K, committed 42688K, reserved 1114112K
  class space    used 4265K, committed 4672K, reserved 1048576K
}
Event: 18.118 GC heap after
{Heap after GC invocations=16 (full 2):
 PSYoungGen      total 23040K, used 736K [0x00000000eab00000, 0x00000000ec500000, 0x0000000100000000)
  eden space 22016K, 0% used [0x00000000eab00000,0x00000000eab00000,0x00000000ec080000)
  from space 1024K, 71% used [0x00000000ec400000,0x00000000ec4b8000,0x00000000ec500000)
  to   space 1024K, 0% used [0x00000000ec300000,0x00000000ec300000,0x00000000ec400000)
 ParOldGen       total 68608K, used 19338K [0x00000000c0000000, 0x00000000c4300000, 0x00000000eab00000)
  object space 68608K, 28% used [0x00000000c0000000,0x00000000c12e2a80,0x00000000c4300000)
 Metaspace       used 41717K, committed 42688K, reserved 1114112K
  class space    used 4265K, committed 4672K, reserved 1048576K
}
Event: 20.446 GC heap before
{Heap before GC invocations=17 (full 2):
 PSYoungGen      total 23040K, used 22752K [0x00000000eab00000, 0x00000000ec500000, 0x0000000100000000)
  eden space 22016K, 100% used [0x00000000eab00000,0x00000000ec080000,0x00000000ec080000)
  from space 1024K, 71% used [0x00000000ec400000,0x00000000ec4b8000,0x00000000ec500000)
  to   space 1024K, 0% used [0x00000000ec300000,0x00000000ec300000,0x00000000ec400000)
 ParOldGen       total 68608K, used 19338K [0x00000000c0000000, 0x00000000c4300000, 0x00000000eab00000)
  object space 68608K, 28% used [0x00000000c0000000,0x00000000c12e2a80,0x00000000c4300000)
 Metaspace       used 44068K, committed 45056K, reserved 1114112K
  class space    used 4571K, committed 4992K, reserved 1048576K
}
Event: 20.447 GC heap after
{Heap after GC invocations=17 (full 2):
 PSYoungGen      total 23040K, used 864K [0x00000000eab00000, 0x00000000ec480000, 0x0000000100000000)
  eden space 22016K, 0% used [0x00000000eab00000,0x00000000eab00000,0x00000000ec080000)
  from space 1024K, 84% used [0x00000000ec300000,0x00000000ec3d8000,0x00000000ec400000)
  to   space 512K, 0% used [0x00000000ec400000,0x00000000ec400000,0x00000000ec480000)
 ParOldGen       total 68608K, used 19762K [0x00000000c0000000, 0x00000000c4300000, 0x00000000eab00000)
  object space 68608K, 28% used [0x00000000c0000000,0x00000000c134ca80,0x00000000c4300000)
 Metaspace       used 44068K, committed 45056K, reserved 1114112K
  class space    used 4571K, committed 4992K, reserved 1048576K
}

